Build started 21/07/2015 3:13:33 PM.
     1>Project "C:\Users\LA\Documents\GitHub\Gem\Project\Framework\Framework\Framework\Framework.vcxproj" on node 2 (Build target(s)).
     1>C:\Program Files (x86)\MSBuild\Microsoft.Cpp\v4.0\V120\Microsoft.CppBuild.targets(356,5): warning MSB8004: Intermediate Directory does not end with a trailing slash.  This build instance will add the slash as it is required to allow proper evaluation of the Intermediate Directory.
     1>C:\Program Files (x86)\MSBuild\Microsoft.Cpp\v4.0\V120\Microsoft.CppBuild.targets(357,5): warning MSB8004: Output Directory does not end with a trailing slash.  This build instance will add the slash as it is required to allow proper evaluation of the Output Directory.
     1>ClCompile:
         C:\Program Files (x86)\Microsoft Visual Studio 12.0\VC\bin\CL.exe /c /IC:\Users\LA\Documents\GitHub\Gem\Project\Framework\Framework\Framework\\..\..\..\Common\Libraries /ZI /nologo /W3 /WX- /sdl /Od /Oy- /D GEM_FRAMEWORK_EXPORT /D _DEBUG /D _CRT_SECURE_NO_WARNINGS /D GRAPHICS_OPEN_GL /D _MBCS /Gm /EHsc /RTC1 /MDd /GS /fp:precise /Zc:wchar_t /Zc:forScope /Fo"C:\Users\LA\Documents\GitHub\Gem\Project\Framework\Framework\Framework\\..\..\..\Builds\Framework_Lib\Int\\" /Fd"C:\Users\LA\Documents\GitHub\Gem\Project\Framework\Framework\Framework\\..\..\..\Builds\Framework_Lib\Int\vc120.pdb" /Gd /TP /analyze- /errorReport:prompt ..\..\..\Common\Application\Application.cpp ..\..\..\Common\Application\Input.cpp ..\..\..\Common\Application\InputAxis.cpp ..\..\..\Common\Application\InputButton.cpp ..\..\..\Common\Application\InputDevice.cpp ..\..\..\Common\Core\ErrorConstants.cpp ..\..\..\Common\Core\Errors\ArgumentNull.cpp ..\..\..\Common\Core\Errors\FileNotFound.cpp ..\..\..\Common\Core\Errors\InvalidArgument.cpp ..\..\..\Common\Core\Time.cpp ..\..\..\Common\Core\Type.cpp ..\..\..\Common\EntityComponent\Camera.cpp ..\..\..\Common\EntityComponent\Component.cpp ..\..\..\Common\EntityComponent\GameObject.cpp ..\..\..\Common\EntityComponent\GameObjectMap.cpp ..\..\..\Common\EntityComponent\GameObjectTree.cpp ..\..\..\Common\EntityComponent\Renderer.cpp ..\..\..\Common\EntityComponent\Scene.cpp ..\..\..\Common\EntityComponent\SceneFile.cpp ..\..\..\Common\EntityComponent\SceneGraph.cpp ..\..\..\Common\EntityComponent\TestComponent.cpp ..\..\..\Common\Gameplay\AppHandler.cpp ..\..\..\Common\Graphics\Graphics.cpp ..\..\..\GemTest\GemTest\main.cpp
         main.cpp
         Graphics.cpp
         AppHandler.cpp
         TestComponent.cpp
         SceneGraph.cpp
         SceneFile.cpp
     1>c:\users\la\documents\github\gem\project\common\entitycomponent\scenefile.cpp(312): warning C4552: '-' : operator has no effect; expected operator with side-effect
         Scene.cpp
     1>c:\users\la\documents\github\gem\project\common\entitycomponent\gameobject.h(194): fatal error C1001: An internal error has occurred in the compiler.
         (compiler file 'msc1.cpp', line 1325)
          To work around this problem, try simplifying or changing the program near the locations listed above.
         Please choose the Technical Support command on the Visual C++ 
          Help menu, or open the Technical Support help file for more information
                 c:\users\la\documents\github\gem\project\common\entitycomponent\scene.cpp(200) : see reference to function template instantiation 'void Gem::GameObject::BroadcastMessage<Gem::Window*>(const std::string &,Gem::Window *)' being compiled
     1>Done Building Project "C:\Users\LA\Documents\GitHub\Gem\Project\Framework\Framework\Framework\Framework.vcxproj" (Build target(s)) -- FAILED.

Build FAILED.

Time Elapsed 00:00:47.41
