Build started 20/10/2014 6:11:51 AM.
     1>Project "C:\Users\Development\Desktop\Fast_Repo\Gem\trunk\Project\Windows\Windows\Windows.vcxproj" on node 2 (Build target(s)).
     1>ClCompile:
         C:\Program Files (x86)\Microsoft Visual Studio 11.0\VC\bin\CL.exe /c /ZI /nologo /W3 /WX- /Od /Oy- /D _DEBUG /D _MBCS /Gm /EHsc /RTC1 /MDd /GS /fp:precise /Zc:wchar_t /Zc:forScope /Fo"Debug\\" /Fd"Debug\vc110.pdb" /Gd /TP /analyze- /errorReport:prompt "..\..\Common\Core\Entity Component\Engine Components\G_DebugComponent.cpp"
         G_DebugComponent.cpp
     1>c:\users\development\desktop\fast_repo\gem\trunk\project\common\core\primitives\g_string.h(129): warning C4521: 'Gem::string' : multiple copy constructors specified
     1>c:\users\development\desktop\fast_repo\gem\trunk\project\common\core\math\g_vector.h(210): warning C4172: returning address of local variable or temporary
     1>c:\users\development\desktop\fast_repo\gem\trunk\project\common\core\math\g_vector.h(337): warning C4608: 'Gem::Vector4::y' has already been initialized by another union member in the initializer list, 'Gem::Vector4::<unnamed-tag>::Gem::Vector4::x'
     1>c:\users\development\desktop\fast_repo\gem\trunk\project\common\core\math\g_vector.h(337): warning C4608: 'Gem::Vector4::z' has already been initialized by another union member in the initializer list, 'Gem::Vector4::<unnamed-tag>::Gem::Vector4::y'
     1>c:\users\development\desktop\fast_repo\gem\trunk\project\common\core\math\g_vector.h(337): warning C4608: 'Gem::Vector4::w' has already been initialized by another union member in the initializer list, 'Gem::Vector4::<unnamed-tag>::Gem::Vector4::z'
     1>c:\users\development\desktop\fast_repo\gem\trunk\project\common\core\math\g_math.h(20): warning C4244: 'return' : conversion from 'const double' to 'float', possible loss of data
       Link:
         C:\Program Files (x86)\Microsoft Visual Studio 11.0\VC\bin\link.exe /ERRORREPORT:PROMPT /OUT:"C:\Users\Development\Desktop\Fast_Repo\Gem\trunk\Project\Windows\Debug\Windows.exe" /INCREMENTAL /NOLOGO C:\Users\Development\Desktop\Fast_Repo\Gem\trunk\Project\Windows\Windows\../../Common/Libraries/GLFW_3.0.4/lib/glfw3.lib glew32.lib opengl32.lib OpenCL.lib OpenAL32.lib freetype.lib kernel32.lib user32.lib gdi32.lib winspool.lib comdlg32.lib advapi32.lib shell32.lib ole32.lib oleaut32.lib uuid.lib odbc32.lib odbccp32.lib /MANIFEST /MANIFESTUAC:"level='asInvoker' uiAccess='false'" /manifest:embed /DEBUG /PDB:"C:\Users\Development\Desktop\Fast_Repo\Gem\trunk\Project\Windows\Debug\Windows.pdb" /TLBID:1 /DYNAMICBASE /NXCOMPAT /IMPLIB:"C:\Users\Development\Desktop\Fast_Repo\Gem\trunk\Project\Windows\Debug\Windows.lib" /MACHINE:X86 Debug\G_DebugComponent.obj
         Debug\G_Transform.obj
         Debug\G_GameObjectManager.obj
         Debug\G_Component.obj
         Debug\G_GameObject.obj
         Debug\G_Application.obj
         Debug\G_Input.obj
         Debug\G_Key.obj
         Debug\G_InputAxis.obj
         Debug\G_Matrix.obj
         Debug\G_Vector.obj
         Debug\G_Quaternion.obj
         Debug\G_Allocator.obj
         Debug\G_MemoryManager.obj
         Debug\G_Pointer.obj
         Debug\G_boolean.obj
         Debug\G_integer.obj
         Debug\G_Object.obj
         Debug\G_real.obj
         Debug\G_string.obj
         Debug\G_Class.obj
         Debug\G_Primitive.obj
         Debug\G_ReflectionOperators.obj
         Debug\G_ReflectionRegristration.obj
         Debug\G_ReflectionRuntime.obj
         Debug\G_Type.obj
         Debug\G_TypeList.obj
         Debug\G_File.obj
         Debug\G_StreamDoc.obj
         Debug\G_StreamFile.obj
         Debug\G_StreamObject.obj
         Debug\G_StreamProperty.obj
         Debug\G_Debug.obj
         Debug\G_IO.obj
         Debug\G_Time.obj
         Debug\G_UniqueNumberGenerator.obj
         Debug\G_Utilities.obj
         Debug\G_Scene.obj
         Debug\G_SceneManager.obj
         Debug\G_Window.obj
         Debug\G_WindowHook.obj
         Debug\G_WindowManager.obj
         Debug\json_reader.obj
         Debug\json_value.obj
         Debug\json_writer.obj
         Debug\pugixml.obj
         Debug\stb_vorbis.obj
         Debug\main.obj
         Debug\fruit.obj
         Windows.vcxproj -> C:\Users\Development\Desktop\Fast_Repo\Gem\trunk\Project\Windows\Debug\Windows.exe
     1>Done Building Project "C:\Users\Development\Desktop\Fast_Repo\Gem\trunk\Project\Windows\Windows\Windows.vcxproj" (Build target(s)).

Build succeeded.

Time Elapsed 00:00:02.40
