C:\USERS\NATHAN\DOCUMENTS\NATHAN\PROGRAMMING\VERSION CONTROLLED\C++\GEM\PROJECT\WINDOWS\WINDOWS\DEBUG\G_INPUT.OBJ
C:\USERS\NATHAN\DOCUMENTS\NATHAN\PROGRAMMING\VERSION CONTROLLED\C++\GEM\PROJECT\WINDOWS\WINDOWS\DEBUG\G_KEY.OBJ
C:\USERS\NATHAN\DOCUMENTS\NATHAN\PROGRAMMING\VERSION CONTROLLED\C++\GEM\PROJECT\WINDOWS\WINDOWS\DEBUG\ALLOCATOR.OBJ
C:\USERS\NATHAN\DOCUMENTS\NATHAN\PROGRAMMING\VERSION CONTROLLED\C++\GEM\PROJECT\WINDOWS\WINDOWS\DEBUG\LINEARALLOCATOR.OBJ
C:\USERS\NATHAN\DOCUMENTS\NATHAN\PROGRAMMING\VERSION CONTROLLED\C++\GEM\PROJECT\WINDOWS\WINDOWS\DEBUG\G_MEMORY.OBJ
C:\USERS\NATHAN\DOCUMENTS\NATHAN\PROGRAMMING\VERSION CONTROLLED\C++\GEM\PROJECT\WINDOWS\WINDOWS\DEBUG\POOLALLOCATOR.OBJ
C:\USERS\NATHAN\DOCUMENTS\NATHAN\PROGRAMMING\VERSION CONTROLLED\C++\GEM\PROJECT\WINDOWS\WINDOWS\DEBUG\G_CLASS.OBJ
C:\USERS\NATHAN\DOCUMENTS\NATHAN\PROGRAMMING\VERSION CONTROLLED\C++\GEM\PROJECT\WINDOWS\WINDOWS\DEBUG\G_INTERFACE.OBJ
C:\USERS\NATHAN\DOCUMENTS\NATHAN\PROGRAMMING\VERSION CONTROLLED\C++\GEM\PROJECT\WINDOWS\WINDOWS\DEBUG\G_TYPEFACTORY.OBJ
C:\USERS\NATHAN\DOCUMENTS\NATHAN\PROGRAMMING\VERSION CONTROLLED\C++\GEM\PROJECT\WINDOWS\WINDOWS\DEBUG\G_TIME.OBJ
C:\USERS\NATHAN\DOCUMENTS\NATHAN\PROGRAMMING\VERSION CONTROLLED\C++\GEM\PROJECT\WINDOWS\WINDOWS\DEBUG\G_UNIQUENUMBERGENERATOR.OBJ
C:\USERS\NATHAN\DOCUMENTS\NATHAN\PROGRAMMING\VERSION CONTROLLED\C++\GEM\PROJECT\WINDOWS\WINDOWS\DEBUG\G_UTILITIES.OBJ
C:\USERS\NATHAN\DOCUMENTS\NATHAN\PROGRAMMING\VERSION CONTROLLED\C++\GEM\PROJECT\WINDOWS\WINDOWS\DEBUG\G_WINDOW.OBJ
C:\USERS\NATHAN\DOCUMENTS\NATHAN\PROGRAMMING\VERSION CONTROLLED\C++\GEM\PROJECT\WINDOWS\WINDOWS\DEBUG\G_WINDOWHOOK.OBJ
C:\USERS\NATHAN\DOCUMENTS\NATHAN\PROGRAMMING\VERSION CONTROLLED\C++\GEM\PROJECT\WINDOWS\WINDOWS\DEBUG\G_WINDOWMANAGER.OBJ
C:\USERS\NATHAN\DOCUMENTS\NATHAN\PROGRAMMING\VERSION CONTROLLED\C++\GEM\PROJECT\WINDOWS\WINDOWS\DEBUG\JSON_READER.OBJ
C:\USERS\NATHAN\DOCUMENTS\NATHAN\PROGRAMMING\VERSION CONTROLLED\C++\GEM\PROJECT\WINDOWS\WINDOWS\DEBUG\JSON_VALUE.OBJ
C:\USERS\NATHAN\DOCUMENTS\NATHAN\PROGRAMMING\VERSION CONTROLLED\C++\GEM\PROJECT\WINDOWS\WINDOWS\DEBUG\JSON_WRITER.OBJ
C:\USERS\NATHAN\DOCUMENTS\NATHAN\PROGRAMMING\VERSION CONTROLLED\C++\GEM\PROJECT\WINDOWS\WINDOWS\DEBUG\PUGIXML.OBJ
C:\USERS\NATHAN\DOCUMENTS\NATHAN\PROGRAMMING\VERSION CONTROLLED\C++\GEM\PROJECT\WINDOWS\WINDOWS\DEBUG\MAIN.OBJ
C:\USERS\NATHAN\DOCUMENTS\NATHAN\PROGRAMMING\VERSION CONTROLLED\C++\GEM\PROJECT\WINDOWS\WINDOWS\DEBUG\G_OBJECT.OBJ
C:\USERS\NATHAN\DOCUMENTS\NATHAN\PROGRAMMING\VERSION CONTROLLED\C++\GEM\PROJECT\WINDOWS\WINDOWS\DEBUG\G_APPLICATION.OBJ
C:\USERS\NATHAN\DOCUMENTS\NATHAN\PROGRAMMING\VERSION CONTROLLED\C++\GEM\PROJECT\WINDOWS\WINDOWS\DEBUG\VC110.PDB
C:\USERS\NATHAN\DOCUMENTS\NATHAN\PROGRAMMING\VERSION CONTROLLED\C++\GEM\PROJECT\WINDOWS\WINDOWS\DEBUG\STB_VORBIS.OBJ
C:\USERS\NATHAN\DOCUMENTS\NATHAN\PROGRAMMING\VERSION CONTROLLED\C++\GEM\PROJECT\WINDOWS\WINDOWS\DEBUG\G_VECTOR.OBJ
C:\USERS\NATHAN\DOCUMENTS\NATHAN\PROGRAMMING\VERSION CONTROLLED\C++\GEM\PROJECT\WINDOWS\WINDOWS\DEBUG\INPUTAXIS.OBJ
C:\USERS\NATHAN\DOCUMENTS\NATHAN\PROGRAMMING\VERSION CONTROLLED\C++\GEM\PROJECT\WINDOWS\WINDOWS\DEBUG\G_INPUTAXIS.OBJ
C:\USERS\NATHAN\DOCUMENTS\NATHAN\PROGRAMMING\VERSION CONTROLLED\C++\GEM\PROJECT\WINDOWS\DEBUG\WINDOWS.ILK
C:\USERS\NATHAN\DOCUMENTS\NATHAN\PROGRAMMING\VERSION CONTROLLED\C++\GEM\PROJECT\WINDOWS\DEBUG\WINDOWS.EXE
C:\USERS\NATHAN\DOCUMENTS\NATHAN\PROGRAMMING\VERSION CONTROLLED\C++\GEM\PROJECT\WINDOWS\DEBUG\WINDOWS.PDB
C:\Users\Nathan\Documents\Nathan\Programming\Version Controlled\C++\Gem\Project\Windows\Windows\Debug\Allocator.obj
C:\Users\Nathan\Documents\Nathan\Programming\Version Controlled\C++\Gem\Project\Windows\Windows\Debug\G_Application.obj
C:\Users\Nathan\Documents\Nathan\Programming\Version Controlled\C++\Gem\Project\Windows\Windows\Debug\G_Class.obj
C:\Users\Nathan\Documents\Nathan\Programming\Version Controlled\C++\Gem\Project\Windows\Windows\Debug\G_Input.obj
C:\Users\Nathan\Documents\Nathan\Programming\Version Controlled\C++\Gem\Project\Windows\Windows\Debug\G_InputAxis.obj
C:\Users\Nathan\Documents\Nathan\Programming\Version Controlled\C++\Gem\Project\Windows\Windows\Debug\G_Interface.obj
C:\Users\Nathan\Documents\Nathan\Programming\Version Controlled\C++\Gem\Project\Windows\Windows\Debug\G_Key.obj
C:\Users\Nathan\Documents\Nathan\Programming\Version Controlled\C++\Gem\Project\Windows\Windows\Debug\G_Memory.obj
C:\Users\Nathan\Documents\Nathan\Programming\Version Controlled\C++\Gem\Project\Windows\Windows\Debug\G_Object.obj
C:\Users\Nathan\Documents\Nathan\Programming\Version Controlled\C++\Gem\Project\Windows\Windows\Debug\G_Time.obj
C:\Users\Nathan\Documents\Nathan\Programming\Version Controlled\C++\Gem\Project\Windows\Windows\Debug\G_TypeFactory.obj
C:\Users\Nathan\Documents\Nathan\Programming\Version Controlled\C++\Gem\Project\Windows\Windows\Debug\G_UniqueNumberGenerator.obj
C:\Users\Nathan\Documents\Nathan\Programming\Version Controlled\C++\Gem\Project\Windows\Windows\Debug\G_Utilities.obj
C:\Users\Nathan\Documents\Nathan\Programming\Version Controlled\C++\Gem\Project\Windows\Windows\Debug\G_Vector.obj
C:\Users\Nathan\Documents\Nathan\Programming\Version Controlled\C++\Gem\Project\Windows\Windows\Debug\G_Window.obj
C:\Users\Nathan\Documents\Nathan\Programming\Version Controlled\C++\Gem\Project\Windows\Windows\Debug\G_WindowHook.obj
C:\Users\Nathan\Documents\Nathan\Programming\Version Controlled\C++\Gem\Project\Windows\Windows\Debug\G_WindowManager.obj
C:\Users\Nathan\Documents\Nathan\Programming\Version Controlled\C++\Gem\Project\Windows\Windows\Debug\InputAxis.obj
C:\Users\Nathan\Documents\Nathan\Programming\Version Controlled\C++\Gem\Project\Windows\Windows\Debug\json_reader.obj
C:\Users\Nathan\Documents\Nathan\Programming\Version Controlled\C++\Gem\Project\Windows\Windows\Debug\json_value.obj
C:\Users\Nathan\Documents\Nathan\Programming\Version Controlled\C++\Gem\Project\Windows\Windows\Debug\json_writer.obj
C:\Users\Nathan\Documents\Nathan\Programming\Version Controlled\C++\Gem\Project\Windows\Windows\Debug\LinearAllocator.obj
C:\Users\Nathan\Documents\Nathan\Programming\Version Controlled\C++\Gem\Project\Windows\Windows\Debug\main.obj
C:\Users\Nathan\Documents\Nathan\Programming\Version Controlled\C++\Gem\Project\Windows\Windows\Debug\PoolAllocator.obj
C:\Users\Nathan\Documents\Nathan\Programming\Version Controlled\C++\Gem\Project\Windows\Windows\Debug\pugixml.obj
C:\Users\Nathan\Documents\Nathan\Programming\Version Controlled\C++\Gem\Project\Windows\Windows\Debug\stb_vorbis.obj
C:\Users\Nathan\Documents\Nathan\Programming\Version Controlled\C++\Gem\Project\Windows\Windows\Debug\cl.command.1.tlog
C:\Users\Nathan\Documents\Nathan\Programming\Version Controlled\C++\Gem\Project\Windows\Windows\Debug\CL.read.1.tlog
C:\Users\Nathan\Documents\Nathan\Programming\Version Controlled\C++\Gem\Project\Windows\Windows\Debug\CL.write.1.tlog
C:\Users\Nathan\Documents\Nathan\Programming\Version Controlled\C++\Gem\Project\Windows\Windows\Debug\link-cvtres.read.1.tlog
C:\Users\Nathan\Documents\Nathan\Programming\Version Controlled\C++\Gem\Project\Windows\Windows\Debug\link-cvtres.write.1.tlog
C:\Users\Nathan\Documents\Nathan\Programming\Version Controlled\C++\Gem\Project\Windows\Windows\Debug\link-rc.read.1.tlog
C:\Users\Nathan\Documents\Nathan\Programming\Version Controlled\C++\Gem\Project\Windows\Windows\Debug\link-rc.write.1.tlog
C:\Users\Nathan\Documents\Nathan\Programming\Version Controlled\C++\Gem\Project\Windows\Windows\Debug\link.1264-cvtres.read.1.tlog
C:\Users\Nathan\Documents\Nathan\Programming\Version Controlled\C++\Gem\Project\Windows\Windows\Debug\link.1264-cvtres.write.1.tlog
C:\Users\Nathan\Documents\Nathan\Programming\Version Controlled\C++\Gem\Project\Windows\Windows\Debug\link.1264-rc.read.1.tlog
C:\Users\Nathan\Documents\Nathan\Programming\Version Controlled\C++\Gem\Project\Windows\Windows\Debug\link.1264-rc.write.1.tlog
C:\Users\Nathan\Documents\Nathan\Programming\Version Controlled\C++\Gem\Project\Windows\Windows\Debug\link.1264.read.1.tlog
C:\Users\Nathan\Documents\Nathan\Programming\Version Controlled\C++\Gem\Project\Windows\Windows\Debug\link.1264.write.1.tlog
C:\Users\Nathan\Documents\Nathan\Programming\Version Controlled\C++\Gem\Project\Windows\Windows\Debug\link.2112-cvtres.read.1.tlog
C:\Users\Nathan\Documents\Nathan\Programming\Version Controlled\C++\Gem\Project\Windows\Windows\Debug\link.2112-cvtres.write.1.tlog
C:\Users\Nathan\Documents\Nathan\Programming\Version Controlled\C++\Gem\Project\Windows\Windows\Debug\link.2112-rc.read.1.tlog
C:\Users\Nathan\Documents\Nathan\Programming\Version Controlled\C++\Gem\Project\Windows\Windows\Debug\link.2112-rc.write.1.tlog
C:\Users\Nathan\Documents\Nathan\Programming\Version Controlled\C++\Gem\Project\Windows\Windows\Debug\link.2112.read.1.tlog
C:\Users\Nathan\Documents\Nathan\Programming\Version Controlled\C++\Gem\Project\Windows\Windows\Debug\link.2112.write.1.tlog
C:\Users\Nathan\Documents\Nathan\Programming\Version Controlled\C++\Gem\Project\Windows\Windows\Debug\link.3168-cvtres.read.1.tlog
C:\Users\Nathan\Documents\Nathan\Programming\Version Controlled\C++\Gem\Project\Windows\Windows\Debug\link.3168-cvtres.write.1.tlog
C:\Users\Nathan\Documents\Nathan\Programming\Version Controlled\C++\Gem\Project\Windows\Windows\Debug\link.3168-rc.read.1.tlog
C:\Users\Nathan\Documents\Nathan\Programming\Version Controlled\C++\Gem\Project\Windows\Windows\Debug\link.3168-rc.write.1.tlog
C:\Users\Nathan\Documents\Nathan\Programming\Version Controlled\C++\Gem\Project\Windows\Windows\Debug\link.3168.read.1.tlog
C:\Users\Nathan\Documents\Nathan\Programming\Version Controlled\C++\Gem\Project\Windows\Windows\Debug\link.3168.write.1.tlog
C:\Users\Nathan\Documents\Nathan\Programming\Version Controlled\C++\Gem\Project\Windows\Windows\Debug\link.3756-cvtres.read.1.tlog
C:\Users\Nathan\Documents\Nathan\Programming\Version Controlled\C++\Gem\Project\Windows\Windows\Debug\link.3756-cvtres.write.1.tlog
C:\Users\Nathan\Documents\Nathan\Programming\Version Controlled\C++\Gem\Project\Windows\Windows\Debug\link.3756-rc.read.1.tlog
C:\Users\Nathan\Documents\Nathan\Programming\Version Controlled\C++\Gem\Project\Windows\Windows\Debug\link.3756-rc.write.1.tlog
C:\Users\Nathan\Documents\Nathan\Programming\Version Controlled\C++\Gem\Project\Windows\Windows\Debug\link.3756.read.1.tlog
C:\Users\Nathan\Documents\Nathan\Programming\Version Controlled\C++\Gem\Project\Windows\Windows\Debug\link.3756.write.1.tlog
C:\Users\Nathan\Documents\Nathan\Programming\Version Controlled\C++\Gem\Project\Windows\Windows\Debug\link.5248-cvtres.read.1.tlog
C:\Users\Nathan\Documents\Nathan\Programming\Version Controlled\C++\Gem\Project\Windows\Windows\Debug\link.5248-cvtres.write.1.tlog
C:\Users\Nathan\Documents\Nathan\Programming\Version Controlled\C++\Gem\Project\Windows\Windows\Debug\link.5248-rc.read.1.tlog
C:\Users\Nathan\Documents\Nathan\Programming\Version Controlled\C++\Gem\Project\Windows\Windows\Debug\link.5248-rc.write.1.tlog
C:\Users\Nathan\Documents\Nathan\Programming\Version Controlled\C++\Gem\Project\Windows\Windows\Debug\link.5248.read.1.tlog
C:\Users\Nathan\Documents\Nathan\Programming\Version Controlled\C++\Gem\Project\Windows\Windows\Debug\link.5248.write.1.tlog
C:\Users\Nathan\Documents\Nathan\Programming\Version Controlled\C++\Gem\Project\Windows\Windows\Debug\link.5632-cvtres.read.1.tlog
C:\Users\Nathan\Documents\Nathan\Programming\Version Controlled\C++\Gem\Project\Windows\Windows\Debug\link.5632-cvtres.write.1.tlog
C:\Users\Nathan\Documents\Nathan\Programming\Version Controlled\C++\Gem\Project\Windows\Windows\Debug\link.5632-rc.read.1.tlog
C:\Users\Nathan\Documents\Nathan\Programming\Version Controlled\C++\Gem\Project\Windows\Windows\Debug\link.5632-rc.write.1.tlog
C:\Users\Nathan\Documents\Nathan\Programming\Version Controlled\C++\Gem\Project\Windows\Windows\Debug\link.5632.read.1.tlog
C:\Users\Nathan\Documents\Nathan\Programming\Version Controlled\C++\Gem\Project\Windows\Windows\Debug\link.5632.write.1.tlog
C:\Users\Nathan\Documents\Nathan\Programming\Version Controlled\C++\Gem\Project\Windows\Windows\Debug\link.6616-cvtres.read.1.tlog
C:\Users\Nathan\Documents\Nathan\Programming\Version Controlled\C++\Gem\Project\Windows\Windows\Debug\link.6616-cvtres.write.1.tlog
C:\Users\Nathan\Documents\Nathan\Programming\Version Controlled\C++\Gem\Project\Windows\Windows\Debug\link.6616-rc.read.1.tlog
C:\Users\Nathan\Documents\Nathan\Programming\Version Controlled\C++\Gem\Project\Windows\Windows\Debug\link.6616-rc.write.1.tlog
C:\Users\Nathan\Documents\Nathan\Programming\Version Controlled\C++\Gem\Project\Windows\Windows\Debug\link.6616.read.1.tlog
C:\Users\Nathan\Documents\Nathan\Programming\Version Controlled\C++\Gem\Project\Windows\Windows\Debug\link.6616.write.1.tlog
C:\Users\Nathan\Documents\Nathan\Programming\Version Controlled\C++\Gem\Project\Windows\Windows\Debug\link.6872-cvtres.read.1.tlog
C:\Users\Nathan\Documents\Nathan\Programming\Version Controlled\C++\Gem\Project\Windows\Windows\Debug\link.6872-cvtres.write.1.tlog
C:\Users\Nathan\Documents\Nathan\Programming\Version Controlled\C++\Gem\Project\Windows\Windows\Debug\link.6872-rc.read.1.tlog
C:\Users\Nathan\Documents\Nathan\Programming\Version Controlled\C++\Gem\Project\Windows\Windows\Debug\link.6872-rc.write.1.tlog
C:\Users\Nathan\Documents\Nathan\Programming\Version Controlled\C++\Gem\Project\Windows\Windows\Debug\link.6872.read.1.tlog
C:\Users\Nathan\Documents\Nathan\Programming\Version Controlled\C++\Gem\Project\Windows\Windows\Debug\link.6872.write.1.tlog
C:\Users\Nathan\Documents\Nathan\Programming\Version Controlled\C++\Gem\Project\Windows\Windows\Debug\link.6936-cvtres.read.1.tlog
C:\Users\Nathan\Documents\Nathan\Programming\Version Controlled\C++\Gem\Project\Windows\Windows\Debug\link.6936-cvtres.write.1.tlog
C:\Users\Nathan\Documents\Nathan\Programming\Version Controlled\C++\Gem\Project\Windows\Windows\Debug\link.6936-rc.read.1.tlog
C:\Users\Nathan\Documents\Nathan\Programming\Version Controlled\C++\Gem\Project\Windows\Windows\Debug\link.6936-rc.write.1.tlog
C:\Users\Nathan\Documents\Nathan\Programming\Version Controlled\C++\Gem\Project\Windows\Windows\Debug\link.6936.read.1.tlog
C:\Users\Nathan\Documents\Nathan\Programming\Version Controlled\C++\Gem\Project\Windows\Windows\Debug\link.6936.write.1.tlog
C:\Users\Nathan\Documents\Nathan\Programming\Version Controlled\C++\Gem\Project\Windows\Windows\Debug\link.7292-cvtres.read.1.tlog
C:\Users\Nathan\Documents\Nathan\Programming\Version Controlled\C++\Gem\Project\Windows\Windows\Debug\link.7292-cvtres.write.1.tlog
C:\Users\Nathan\Documents\Nathan\Programming\Version Controlled\C++\Gem\Project\Windows\Windows\Debug\link.7292-rc.read.1.tlog
C:\Users\Nathan\Documents\Nathan\Programming\Version Controlled\C++\Gem\Project\Windows\Windows\Debug\link.7292-rc.write.1.tlog
C:\Users\Nathan\Documents\Nathan\Programming\Version Controlled\C++\Gem\Project\Windows\Windows\Debug\link.7292.read.1.tlog
C:\Users\Nathan\Documents\Nathan\Programming\Version Controlled\C++\Gem\Project\Windows\Windows\Debug\link.7292.write.1.tlog
C:\Users\Nathan\Documents\Nathan\Programming\Version Controlled\C++\Gem\Project\Windows\Windows\Debug\link.7352-cvtres.read.1.tlog
C:\Users\Nathan\Documents\Nathan\Programming\Version Controlled\C++\Gem\Project\Windows\Windows\Debug\link.7352-cvtres.write.1.tlog
C:\Users\Nathan\Documents\Nathan\Programming\Version Controlled\C++\Gem\Project\Windows\Windows\Debug\link.7352-rc.read.1.tlog
C:\Users\Nathan\Documents\Nathan\Programming\Version Controlled\C++\Gem\Project\Windows\Windows\Debug\link.7352-rc.write.1.tlog
C:\Users\Nathan\Documents\Nathan\Programming\Version Controlled\C++\Gem\Project\Windows\Windows\Debug\link.7352.read.1.tlog
C:\Users\Nathan\Documents\Nathan\Programming\Version Controlled\C++\Gem\Project\Windows\Windows\Debug\link.7352.write.1.tlog
C:\Users\Nathan\Documents\Nathan\Programming\Version Controlled\C++\Gem\Project\Windows\Windows\Debug\link.7500-cvtres.read.1.tlog
C:\Users\Nathan\Documents\Nathan\Programming\Version Controlled\C++\Gem\Project\Windows\Windows\Debug\link.7500-cvtres.write.1.tlog
C:\Users\Nathan\Documents\Nathan\Programming\Version Controlled\C++\Gem\Project\Windows\Windows\Debug\link.7500-rc.read.1.tlog
C:\Users\Nathan\Documents\Nathan\Programming\Version Controlled\C++\Gem\Project\Windows\Windows\Debug\link.7500-rc.write.1.tlog
C:\Users\Nathan\Documents\Nathan\Programming\Version Controlled\C++\Gem\Project\Windows\Windows\Debug\link.7500.read.1.tlog
C:\Users\Nathan\Documents\Nathan\Programming\Version Controlled\C++\Gem\Project\Windows\Windows\Debug\link.7500.write.1.tlog
C:\Users\Nathan\Documents\Nathan\Programming\Version Controlled\C++\Gem\Project\Windows\Windows\Debug\link.8036-cvtres.read.1.tlog
C:\Users\Nathan\Documents\Nathan\Programming\Version Controlled\C++\Gem\Project\Windows\Windows\Debug\link.8036-cvtres.write.1.tlog
C:\Users\Nathan\Documents\Nathan\Programming\Version Controlled\C++\Gem\Project\Windows\Windows\Debug\link.8036-rc.read.1.tlog
C:\Users\Nathan\Documents\Nathan\Programming\Version Controlled\C++\Gem\Project\Windows\Windows\Debug\link.8036-rc.write.1.tlog
C:\Users\Nathan\Documents\Nathan\Programming\Version Controlled\C++\Gem\Project\Windows\Windows\Debug\link.8036.read.1.tlog
C:\Users\Nathan\Documents\Nathan\Programming\Version Controlled\C++\Gem\Project\Windows\Windows\Debug\link.8036.write.1.tlog
C:\Users\Nathan\Documents\Nathan\Programming\Version Controlled\C++\Gem\Project\Windows\Windows\Debug\link.8344-cvtres.read.1.tlog
C:\Users\Nathan\Documents\Nathan\Programming\Version Controlled\C++\Gem\Project\Windows\Windows\Debug\link.8344-cvtres.write.1.tlog
C:\Users\Nathan\Documents\Nathan\Programming\Version Controlled\C++\Gem\Project\Windows\Windows\Debug\link.8344-rc.read.1.tlog
C:\Users\Nathan\Documents\Nathan\Programming\Version Controlled\C++\Gem\Project\Windows\Windows\Debug\link.8344-rc.write.1.tlog
C:\Users\Nathan\Documents\Nathan\Programming\Version Controlled\C++\Gem\Project\Windows\Windows\Debug\link.8344.read.1.tlog
C:\Users\Nathan\Documents\Nathan\Programming\Version Controlled\C++\Gem\Project\Windows\Windows\Debug\link.8344.write.1.tlog
C:\Users\Nathan\Documents\Nathan\Programming\Version Controlled\C++\Gem\Project\Windows\Windows\Debug\link.8520-cvtres.read.1.tlog
C:\Users\Nathan\Documents\Nathan\Programming\Version Controlled\C++\Gem\Project\Windows\Windows\Debug\link.8520-cvtres.write.1.tlog
C:\Users\Nathan\Documents\Nathan\Programming\Version Controlled\C++\Gem\Project\Windows\Windows\Debug\link.8520-rc.read.1.tlog
C:\Users\Nathan\Documents\Nathan\Programming\Version Controlled\C++\Gem\Project\Windows\Windows\Debug\link.8520-rc.write.1.tlog
C:\Users\Nathan\Documents\Nathan\Programming\Version Controlled\C++\Gem\Project\Windows\Windows\Debug\link.8520.read.1.tlog
C:\Users\Nathan\Documents\Nathan\Programming\Version Controlled\C++\Gem\Project\Windows\Windows\Debug\link.8520.write.1.tlog
C:\Users\Nathan\Documents\Nathan\Programming\Version Controlled\C++\Gem\Project\Windows\Windows\Debug\link.8660-cvtres.read.1.tlog
C:\Users\Nathan\Documents\Nathan\Programming\Version Controlled\C++\Gem\Project\Windows\Windows\Debug\link.8660-cvtres.write.1.tlog
C:\Users\Nathan\Documents\Nathan\Programming\Version Controlled\C++\Gem\Project\Windows\Windows\Debug\link.8660-rc.read.1.tlog
C:\Users\Nathan\Documents\Nathan\Programming\Version Controlled\C++\Gem\Project\Windows\Windows\Debug\link.8660-rc.write.1.tlog
C:\Users\Nathan\Documents\Nathan\Programming\Version Controlled\C++\Gem\Project\Windows\Windows\Debug\link.8660.read.1.tlog
C:\Users\Nathan\Documents\Nathan\Programming\Version Controlled\C++\Gem\Project\Windows\Windows\Debug\link.8660.write.1.tlog
C:\Users\Nathan\Documents\Nathan\Programming\Version Controlled\C++\Gem\Project\Windows\Windows\Debug\link.8704-cvtres.read.1.tlog
C:\Users\Nathan\Documents\Nathan\Programming\Version Controlled\C++\Gem\Project\Windows\Windows\Debug\link.8704-cvtres.write.1.tlog
C:\Users\Nathan\Documents\Nathan\Programming\Version Controlled\C++\Gem\Project\Windows\Windows\Debug\link.8704-rc.read.1.tlog
C:\Users\Nathan\Documents\Nathan\Programming\Version Controlled\C++\Gem\Project\Windows\Windows\Debug\link.8704-rc.write.1.tlog
C:\Users\Nathan\Documents\Nathan\Programming\Version Controlled\C++\Gem\Project\Windows\Windows\Debug\link.8704.read.1.tlog
C:\Users\Nathan\Documents\Nathan\Programming\Version Controlled\C++\Gem\Project\Windows\Windows\Debug\link.8704.write.1.tlog
C:\Users\Nathan\Documents\Nathan\Programming\Version Controlled\C++\Gem\Project\Windows\Windows\Debug\link.command.1.tlog
C:\Users\Nathan\Documents\Nathan\Programming\Version Controlled\C++\Gem\Project\Windows\Windows\Debug\link.read.1.tlog
C:\Users\Nathan\Documents\Nathan\Programming\Version Controlled\C++\Gem\Project\Windows\Windows\Debug\link.write.1.tlog
C:\Users\Nathan\Documents\Nathan\Programming\Version Controlled\C++\Gem\Project\Windows\Windows\Debug\vc110.idb
C:\Users\Nathan\Documents\Nathan\Programming\Version Controlled\C++\Gem\Project\Windows\Windows\Debug\vc110.pdb
C:\Users\Nathan\Documents\Nathan\Programming\Version Controlled\C++\Gem\Project\Windows\Debug\Windows.pdb
C:\Users\Nathan\Documents\Nathan\Programming\Version Controlled\C++\Gem\Project\Windows\Debug\Windows.exe
C:\Users\Nathan\Documents\Nathan\Programming\Version Controlled\C++\Gem\Project\Windows\Debug\Windows.ilk
