c:\users\la\documents\github\gem\project\gemproject\gemproject\debug\vc120.pdb
c:\users\la\documents\github\gem\project\gemproject\gemproject\debug\vc120.idb
c:\users\la\documents\github\gem\project\gemproject\gemproject\debug\memoryheader.obj
c:\users\la\documents\github\gem\project\gemproject\gemproject\debug\memorymanager.obj
c:\users\la\documents\github\gem\project\gemproject\gemproject\debug\poolallocator.obj
c:\users\la\documents\github\gem\project\gemproject\gemproject\debug\stackallocator.obj
c:\users\la\documents\github\gem\project\gemproject\gemproject\debug\memberinfo.obj
c:\users\la\documents\github\gem\project\gemproject\gemproject\debug\metaobjectlinker.obj
c:\users\la\documents\github\gem\project\gemproject\gemproject\debug\runtime.obj
c:\users\la\documents\github\gem\project\gemproject\gemproject\debug\binaryformatter.obj
c:\users\la\documents\github\gem\project\gemproject\gemproject\debug\cfileextensions.obj
c:\users\la\documents\github\gem\project\gemproject\gemproject\debug\directory.obj
c:\users\la\documents\github\gem\project\gemproject\gemproject\debug\guid.obj
c:\users\la\documents\github\gem\project\gemproject\gemproject\debug\iformatter.obj
c:\users\la\documents\github\gem\project\gemproject\gemproject\debug\inifilestream.obj
c:\users\la\documents\github\gem\project\gemproject\gemproject\debug\inisection.obj
c:\users\la\documents\github\gem\project\gemproject\gemproject\debug\iserializeable.obj
c:\users\la\documents\github\gem\project\gemproject\gemproject\debug\stream.obj
c:\users\la\documents\github\gem\project\gemproject\gemproject\debug\stringextensions.obj
c:\users\la\documents\github\gem\project\gemproject\gemproject\debug\thread.obj
c:\users\la\documents\github\gem\project\gemproject\gemproject\debug\utilities.obj
c:\users\la\documents\github\gem\project\gemproject\gemproject\debug\main.obj
c:\users\la\documents\github\gem\project\gemproject\gemproject\debug\basictypes.obj
c:\users\la\documents\github\gem\project\gemproject\gemproject\debug\coreconstants.obj
c:\users\la\documents\github\gem\project\gemproject\gemproject\debug\debug.obj
c:\users\la\documents\github\gem\project\gemproject\gemproject\debug\enum.obj
c:\users\la\documents\github\gem\project\gemproject\gemproject\debug\error.obj
c:\users\la\documents\github\gem\project\gemproject\gemproject\debug\errorconstants.obj
c:\users\la\documents\github\gem\project\gemproject\gemproject\debug\argumentnull.obj
c:\users\la\documents\github\gem\project\gemproject\gemproject\debug\filenotfound.obj
c:\users\la\documents\github\gem\project\gemproject\gemproject\debug\invalidargument.obj
c:\users\la\documents\github\gem\project\gemproject\gemproject\debug\time.obj
c:\users\la\documents\github\gem\project\gemproject\gemproject\debug\type.obj
c:\users\la\documents\github\gem\project\gemproject\gemproject\debug\matrix4x4.obj
c:\users\la\documents\github\gem\project\gemproject\gemproject\debug\quaternion.obj
c:\users\la\documents\github\gem\project\gemproject\gemproject\debug\vector2.obj
c:\users\la\documents\github\gem\project\gemproject\gemproject\debug\vector3.obj
c:\users\la\documents\github\gem\project\gemproject\gemproject\debug\vector4.obj
c:\users\la\documents\github\gem\project\gemproject\gemproject\debug\allocator.obj
c:\users\la\documents\github\gem\project\gemproject\gemproject\debug\frameallocator.obj
c:\users\la\documents\github\gem\project\gemproject\debug\gemcore.lib
c:\users\la\documents\github\gem\project\gemproject\debug\gemcore.exp
c:\users\la\documents\github\gem\project\gemproject\debug\gemcore.ilk
c:\users\la\documents\github\gem\project\gemproject\debug\gemcore.dll
c:\users\la\documents\github\gem\project\gemproject\debug\gemcore.pdb
c:\users\la\documents\github\gem\project\gemproject\gemproject\debug\gemproject.tlog\cl.command.1.tlog
c:\users\la\documents\github\gem\project\gemproject\gemproject\debug\gemproject.tlog\cl.read.1.tlog
c:\users\la\documents\github\gem\project\gemproject\gemproject\debug\gemproject.tlog\cl.write.1.tlog
c:\users\la\documents\github\gem\project\gemproject\gemproject\debug\gemproject.tlog\gemproject.write.1u.tlog
c:\users\la\documents\github\gem\project\gemproject\gemproject\debug\gemproject.tlog\link.command.1.tlog
c:\users\la\documents\github\gem\project\gemproject\gemproject\debug\gemproject.tlog\link.read.1.tlog
c:\users\la\documents\github\gem\project\gemproject\gemproject\debug\gemproject.tlog\link.write.1.tlog
